0 info it worked if it ends with ok
1 verbose cli [ '/Users/Paul/.nvm/v4.4.7/bin/node',
1 verbose cli   '/Users/Paul/.nvm/v4.4.7/bin/npm',
1 verbose cli   'run',
1 verbose cli   'lint' ]
2 info using npm@2.15.8
3 info using node@v4.4.7
4 verbose run-script [ 'prelint', 'lint', 'postlint' ]
5 info prelint p01@1.0.0
6 info lint p01@1.0.0
7 verbose unsafe-perm in lifecycle true
8 info p01@1.0.0 Failed to exec lint script
9 verbose stack Error: p01@1.0.0 lint: `standard`
9 verbose stack Exit status 1
9 verbose stack     at EventEmitter.<anonymous> (/Users/Paul/.nvm/v4.4.7/lib/node_modules/npm/lib/utils/lifecycle.js:217:16)
9 verbose stack     at emitTwo (events.js:87:13)
9 verbose stack     at EventEmitter.emit (events.js:172:7)
9 verbose stack     at ChildProcess.<anonymous> (/Users/Paul/.nvm/v4.4.7/lib/node_modules/npm/lib/utils/spawn.js:24:14)
9 verbose stack     at emitTwo (events.js:87:13)
9 verbose stack     at ChildProcess.emit (events.js:172:7)
9 verbose stack     at maybeClose (internal/child_process.js:827:16)
9 verbose stack     at Process.ChildProcess._handle.onexit (internal/child_process.js:211:5)
10 verbose pkgid p01@1.0.0
11 verbose cwd /Users/Paul/MyApps/p01
12 error Darwin 15.5.0
13 error argv "/Users/Paul/.nvm/v4.4.7/bin/node" "/Users/Paul/.nvm/v4.4.7/bin/npm" "run" "lint"
14 error node v4.4.7
15 error npm  v2.15.8
16 error code ELIFECYCLE
17 error p01@1.0.0 lint: `standard`
17 error Exit status 1
18 error Failed at the p01@1.0.0 lint script 'standard'.
18 error This is most likely a problem with the p01 package,
18 error not with npm itself.
18 error Tell the author that this fails on your system:
18 error     standard
18 error You can get information on how to open an issue for this project with:
18 error     npm bugs p01
18 error Or if that isn't available, you can get their info via:
18 error
18 error     npm owner ls p01
18 error There is likely additional logging output above.
19 verbose exit [ 1, true ]
